0
Accuracy:  0.6242731718784249
0
Accuracy:  0.7773471216787387
0
Accuracy:  0.6492477436678786
0
Accuracy:  0.6473219492150142
0
Accuracy:  0.6462851331984876
0
Accuracy:  0.6111363195358026
0
Accuracy:  0.6429528271797992
0
Accuracy:  0.6505184514699832
0
Accuracy:  0.6411276607194364
0
Accuracy:  0.7522632295528046
0.22265287832126135
[0.17228945369609433, 0.6235636967859725, 'log']
{'alpha': 0.17228945369609433, 'l1_ratio': 0.6235636967859725, 'loss': 'log'}
0
1
2
3
4
5
6
7
8
9
Accuracy:  0.7748976755893277
